#
# There is insufficient memory for the Java Runtime Environment to continue.
# Native memory allocation (malloc) failed to allocate 32744 bytes for ChunkPool::allocate
# Possible reasons:
#   The system is out of physical RAM or swap space
#   The process is running with CompressedOops enabled, and the Java Heap may be blocking the growth of the native heap
# Possible solutions:
#   Reduce memory load on the system
#   Increase physical memory or swap space
#   Check if swap backing store is full
#   Decrease Java heap size (-Xmx/-Xms)
#   Decrease number of Java threads
#   Decrease Java thread stack sizes (-Xss)
#   Set larger code cache with -XX:ReservedCodeCacheSize=
#   JVM is running with Zero Based Compressed Oops mode in which the Java heap is
#     placed in the first 32GB address space. The Java Heap base address is the
#     maximum limit for the native heap growth. Please use -XX:HeapBaseMinAddress
#     to set the Java Heap base and to place the Java Heap above 32GB virtual address.
# This output file may be truncated or incomplete.
#
#  Out of Memory Error (c:/BuildAgent/work/5ff2f6c26000d570/src/hotspot/share/memory/arena.cpp:81), pid=30588, tid=27700
#
# JRE version: OpenJDK Runtime Environment (11.0.4+10) (build 11.0.4+10-b304.77)
# Java VM: OpenJDK 64-Bit Server VM (11.0.4+10-b304.77, mixed mode, sharing, tiered, compressed oops, g1 gc, windows-amd64)
# No core dump will be written. Minidumps are not enabled by default on client versions of Windows
#

---------------  S U M M A R Y ------------

Command Line: -javaagent:C:\Program Files\JetBrains\IntelliJ IDEA Community Edition 2019.2.4\lib\idea_rt.jar=63296:C:\Program Files\JetBrains\IntelliJ IDEA Community Edition 2019.2.4\bin -Dfile.encoding=UTF-8 com.ford.department.departmentservice.DepartmentServiceApplication

Host: Intel(R) Core(TM) i5-10210U CPU @ 1.60GHz, 8 cores, 15G,  Windows 10 , 64 bit Build 19041 (10.0.19041.1202)
Time: Fri Nov  5 17:36:14 2021 India Standard Time elapsed time: 20 seconds (0d 0h 0m 20s)

---------------  T H R E A D  ---------------

Current thread (0x0000027e0b2aa800):  JavaThread "C2 CompilerThread2" daemon [_thread_in_native, id=27700, stack(0x00000082d5100000,0x00000082d5200000)]


Current CompileTask:
C2:  20601 4959   !   4       org.aspectj.weaver.World::resolve (293 bytes)

Stack: [0x00000082d5100000,0x00000082d5200000]
Native frames: (J=compiled Java code, j=interpreted, Vv=VM code, C=native code)
V  [jvm.dll+0x5db31a]
V  [jvm.dll+0x70c395]
V  [jvm.dll+0x70d8b8]
V  [jvm.dll+0x70df83]
V  [jvm.dll+0x23dbb8]
V  [jvm.dll+0xb944b]
V  [jvm.dll+0xb96fc]
V  [jvm.dll+0x35485e]
V  [jvm.dll+0x4e50c4]
V  [jvm.dll+0x31d362]
V  [jvm.dll+0x31c8ca]
V  [jvm.dll+0x1f7832]
V  [jvm.dll+0x1f6a04]
V  [jvm.dll+0x17fd7c]
V  [jvm.dll+0x204d17]
V  [jvm.dll+0x2035b2]
V  [jvm.dll+0x6d956f]
V  [jvm.dll+0x6d236d]
V  [jvm.dll+0x5da5e6]
C  [ucrtbase.dll+0x21bb2]
C  [KERNEL32.DLL+0x17034]
C  [ntdll.dll+0x52651]


---------------  P R O C E S S  ---------------

Threads class SMR info:
_java_thread_list=0x0000027e0d30ac00, length=20, elements={
0x0000027e69f85800, 0x0000027e7ef23800, 0x0000027e7ef26000, 0x0000027e09fa6000,
0x0000027e09fa7000, 0x0000027e09fa9000, 0x0000027e09faf800, 0x0000027e09fb9000,
0x0000027e7ef0a000, 0x0000027e0a88b000, 0x0000027e0a88c000, 0x0000027e0dca0800,
0x0000027e0b2aa800, 0x0000027e0b739800, 0x0000027e0b8bb800, 0x0000027e0bdd8800,
0x0000027e0d4a2800, 0x0000027e0db8e800, 0x0000027e10bb5000, 0x0000027e1087d000
}

Java Threads: ( => current thread )
  0x0000027e69f85800 JavaThread "main" [_thread_in_native, id=31116, stack(0x00000082d3700000,0x00000082d3800000)]
  0x0000027e7ef23800 JavaThread "Reference Handler" daemon [_thread_blocked, id=23216, stack(0x00000082d3e00000,0x00000082d3f00000)]
  0x0000027e7ef26000 JavaThread "Finalizer" daemon [_thread_blocked, id=29844, stack(0x00000082d3f00000,0x00000082d4000000)]
  0x0000027e09fa6000 JavaThread "Signal Dispatcher" daemon [_thread_blocked, id=28916, stack(0x00000082d4000000,0x00000082d4100000)]
  0x0000027e09fa7000 JavaThread "Attach Listener" daemon [_thread_blocked, id=30188, stack(0x00000082d4100000,0x00000082d4200000)]
  0x0000027e09fa9000 JavaThread "C2 CompilerThread0" daemon [_thread_in_native, id=7660, stack(0x00000082d4200000,0x00000082d4300000)]
  0x0000027e09faf800 JavaThread "C1 CompilerThread0" daemon [_thread_blocked, id=23516, stack(0x00000082d4300000,0x00000082d4400000)]
  0x0000027e09fb9000 JavaThread "Sweeper thread" daemon [_thread_blocked, id=23000, stack(0x00000082d4400000,0x00000082d4500000)]
  0x0000027e7ef0a000 JavaThread "Common-Cleaner" daemon [_thread_blocked, id=18840, stack(0x00000082d4500000,0x00000082d4600000)]
  0x0000027e0a88b000 JavaThread "Monitor Ctrl-Break" daemon [_thread_in_native, id=12308, stack(0x00000082d4600000,0x00000082d4700000)]
  0x0000027e0a88c000 JavaThread "Service Thread" daemon [_thread_blocked, id=15660, stack(0x00000082d4700000,0x00000082d4800000)]
  0x0000027e0dca0800 JavaThread "C2 CompilerThread1" daemon [_thread_in_native, id=28892, stack(0x00000082d5000000,0x00000082d5100000)]
=>0x0000027e0b2aa800 JavaThread "C2 CompilerThread2" daemon [_thread_in_native, id=27700, stack(0x00000082d5100000,0x00000082d5200000)]
  0x0000027e0b739800 JavaThread "Keep-Alive-Timer" daemon [_thread_blocked, id=4588, stack(0x00000082d5300000,0x00000082d5400000)]
  0x0000027e0b8bb800 JavaThread "Catalina-utility-1" [_thread_blocked, id=31088, stack(0x00000082d5200000,0x00000082d5300000)]
  0x0000027e0bdd8800 JavaThread "Catalina-utility-2" [_thread_blocked, id=10888, stack(0x00000082d5400000,0x00000082d5500000)]
  0x0000027e0d4a2800 JavaThread "container-0" [_thread_blocked, id=26060, stack(0x00000082d5500000,0x00000082d5600000)]
  0x0000027e0db8e800 JavaThread "HikariPool-1 housekeeper" daemon [_thread_blocked, id=9180, stack(0x00000082d5800000,0x00000082d5900000)]
  0x0000027e10bb5000 JavaThread "task-1" [_thread_in_native, id=19276, stack(0x00000082d5900000,0x00000082d5a00000)]
  0x0000027e1087d000 JavaThread "HikariPool-1 connection adder" daemon [_thread_blocked, id=16308, stack(0x00000082d5a00000,0x00000082d5b00000)]

Other Threads:
  0x0000027e7ef21800 VMThread "VM Thread" [stack: 0x00000082d3d00000,0x00000082d3e00000] [id=30608]
  0x0000027e0a88d000 WatcherThread [stack: 0x00000082d4800000,0x00000082d4900000] [id=30748]
  0x0000027e69f9c000 GCTaskThread "GC Thread#0" [stack: 0x00000082d3800000,0x00000082d3900000] [id=15772]
  0x0000027e0ab96800 GCTaskThread "GC Thread#1" [stack: 0x00000082d4a00000,0x00000082d4b00000] [id=10944]
  0x0000027e0a319000 GCTaskThread "GC Thread#2" [stack: 0x00000082d4b00000,0x00000082d4c00000] [id=24712]
  0x0000027e0ab28800 GCTaskThread "GC Thread#3" [stack: 0x00000082d4c00000,0x00000082d4d00000] [id=24640]
  0x0000027e0ab29800 GCTaskThread "GC Thread#4" [stack: 0x00000082d4d00000,0x00000082d4e00000] [id=19448]
  0x0000027e0ad79000 GCTaskThread "GC Thread#5" [stack: 0x00000082d4e00000,0x00000082d4f00000] [id=24772]
  0x0000027e0f416000 GCTaskThread "GC Thread#6" [stack: 0x00000082d5600000,0x00000082d5700000] [id=11740]
  0x0000027e0f759800 GCTaskThread "GC Thread#7" [stack: 0x00000082d5700000,0x00000082d5800000] [id=30408]
  0x0000027e69ffd800 ConcurrentGCThread "G1 Main Marker" [stack: 0x00000082d3900000,0x00000082d3a00000] [id=14800]
  0x0000027e6a000000 ConcurrentGCThread "G1 Conc#0" [stack: 0x00000082d3a00000,0x00000082d3b00000] [id=31124]
  0x0000027e0bae3800 ConcurrentGCThread "G1 Conc#1" [stack: 0x00000082d4900000,0x00000082d4a00000] [id=23848]
  0x0000027e7ee91000 ConcurrentGCThread "G1 Refine#0" [stack: 0x00000082d3b00000,0x00000082d3c00000] [id=24300]
  0x0000027e7ee92000 ConcurrentGCThread "G1 Young RemSet Sampling" [stack: 0x00000082d3c00000,0x00000082d3d00000] [id=12640]

Threads with active compile tasks:
C2 CompilerThread05003       4       org.springframework.beans.factory.support.AbstractBeanFactory::isTypeMatch (607 bytes)
C2 CompilerThread14918       4       org.springframework.core.annotation.TypeMappedAnnotations$MergedAnnotationFinder::doWithAnnotations (75 bytes)
C2 CompilerThread24959   !   4       org.aspectj.weaver.World::resolve (293 bytes)

VM state:not at safepoint (normal execution)

VM Mutex/Monitor currently owned by a thread: None

Heap address: 0x0000000702800000, size: 4056 MB, Compressed Oops mode: Zero based, Oop shift amount: 3
Narrow klass base: 0x0000000800000000, Narrow klass shift: 3
Compressed class space size: 1073741824 Address: 0x0000000840000000

Heap:
 garbage-first heap   total 260096K, used 54985K [0x0000000702800000, 0x0000000800000000)
  region size 1024K, 46 young (47104K), 14 survivors (14336K)
 Metaspace       used 45455K, capacity 46572K, committed 46588K, reserved 1089536K
  class space    used 5744K, capacity 6205K, committed 6220K, reserved 1048576K
Heap Regions: E=young(eden), S=young(survivor), O=old, HS=humongous(starts), HC=humongous(continues), CS=collection set, F=free, A=archive, TAMS=top-at-mark-start (previous, next)
|   0|0x0000000702800000, 0x0000000702900000, 0x0000000702900000|100%|HS|  |TAMS 0x0000000702900000, 0x0000000702800000| Complete 
|   1|0x0000000702900000, 0x0000000702a00000, 0x0000000702a00000|100%| O|  |TAMS 0x0000000702a00000, 0x0000000702900000| Untracked 
|   2|0x0000000702a00000, 0x0000000702b00000, 0x0000000702b00000|100%| O|  |TAMS 0x0000000702b00000, 0x0000000702a00000| Untracked 
|   3|0x0000000702b00000, 0x0000000702c00000, 0x0000000702c00000|100%| O|  |TAMS 0x0000000702c00000, 0x0000000702b00000| Untracked 
|   4|0x0000000702c00000, 0x0000000702d00000, 0x0000000702d00000|100%| O|  |TAMS 0x0000000702d00000, 0x0000000702c00000| Untracked 
|   5|0x0000000702d00000, 0x0000000702e00000, 0x0000000702e00000|100%| O|  |TAMS 0x0000000702e00000, 0x0000000702d00000| Untracked 
|   6|0x0000000702e00000, 0x0000000702f00000, 0x0000000702f00000|100%| O|  |TAMS 0x0000000702f00000, 0x0000000702e00000| Untracked 
|   7|0x0000000702f00000, 0x0000000703000000, 0x0000000703000000|100%| O|  |TAMS 0x0000000703000000, 0x0000000702f00000| Untracked 
|   8|0x0000000703000000, 0x0000000703100000, 0x0000000703100000|100%| O|  |TAMS 0x000000070309e200, 0x0000000703000000| Untracked 
|   9|0x0000000703100000, 0x0000000703100000, 0x0000000703200000|  0%| F|  |TAMS 0x0000000703100000, 0x0000000703100000| Untracked 
|  10|0x0000000703200000, 0x0000000703278200, 0x0000000703300000| 46%| O|  |TAMS 0x0000000703200000, 0x0000000703200000| Untracked 
|  11|0x0000000703300000, 0x0000000703300000, 0x0000000703400000|  0%| F|  |TAMS 0x0000000703300000, 0x0000000703300000| Untracked 
|  12|0x0000000703400000, 0x0000000703400000, 0x0000000703500000|  0%| F|  |TAMS 0x0000000703400000, 0x0000000703400000| Untracked 
|  13|0x0000000703500000, 0x0000000703500000, 0x0000000703600000|  0%| F|  |TAMS 0x0000000703500000, 0x0000000703500000| Untracked 
|  14|0x0000000703600000, 0x0000000703600000, 0x0000000703700000|  0%| F|  |TAMS 0x0000000703600000, 0x0000000703600000| Untracked 
|  15|0x0000000703700000, 0x0000000703700000, 0x0000000703800000|  0%| F|  |TAMS 0x0000000703700000, 0x0000000703700000| Untracked 
|  16|0x0000000703800000, 0x0000000703800000, 0x0000000703900000|  0%| F|  |TAMS 0x0000000703800000, 0x0000000703800000| Untracked 
|  17|0x0000000703900000, 0x0000000703900000, 0x0000000703a00000|  0%| F|  |TAMS 0x0000000703900000, 0x0000000703900000| Untracked 
|  18|0x0000000703a00000, 0x0000000703a00000, 0x0000000703b00000|  0%| F|  |TAMS 0x0000000703a00000, 0x0000000703a00000| Untracked 
|  19|0x0000000703b00000, 0x0000000703b00000, 0x0000000703c00000|  0%| F|  |TAMS 0x0000000703b00000, 0x0000000703b00000| Untracked 
|  20|0x0000000703c00000, 0x0000000703c00000, 0x0000000703d00000|  0%| F|  |TAMS 0x0000000703c00000, 0x0000000703c00000| Untracked 
|  21|0x0000000703d00000, 0x0000000703d00000, 0x0000000703e00000|  0%| F|  |TAMS 0x0000000703d00000, 0x0000000703d00000| Untracked 
|  22|0x0000000703e00000, 0x0000000703e00000, 0x0000000703f00000|  0%| F|  |TAMS 0x0000000703e00000, 0x0000000703e00000| Untracked 
|  23|0x0000000703f00000, 0x0000000703f00000, 0x0000000704000000|  0%| F|  |TAMS 0x0000000703f00000, 0x0000000703f00000| Untracked 
|  24|0x0000000704000000, 0x0000000704000000, 0x0000000704100000|  0%| F|  |TAMS 0x0000000704000000, 0x0000000704000000| Untracked 
|  25|0x0000000704100000, 0x0000000704100000, 0x0000000704200000|  0%| F|  |TAMS 0x0000000704100000, 0x0000000704100000| Untracked 
|  26|0x0000000704200000, 0x0000000704200000, 0x0000000704300000|  0%| F|  |TAMS 0x0000000704200000, 0x0000000704200000| Untracked 
|  27|0x0000000704300000, 0x0000000704300000, 0x0000000704400000|  0%| F|  |TAMS 0x0000000704300000, 0x0000000704300000| Untracked 
|  28|0x0000000704400000, 0x0000000704400000, 0x0000000704500000|  0%| F|  |TAMS 0x0000000704400000, 0x0000000704400000| Untracked 
|  29|0x0000000704500000, 0x0000000704500000, 0x0000000704600000|  0%| F|  |TAMS 0x0000000704500000, 0x0000000704500000| Untracked 
|  30|0x0000000704600000, 0x0000000704600000, 0x0000000704700000|  0%| F|  |TAMS 0x0000000704600000, 0x0000000704600000| Untracked 
|  31|0x0000000704700000, 0x0000000704700000, 0x0000000704800000|  0%| F|  |TAMS 0x0000000704700000, 0x0000000704700000| Untracked 
|  32|0x0000000704800000, 0x0000000704800000, 0x0000000704900000|  0%| F|  |TAMS 0x0000000704800000, 0x0000000704800000| Untracked 
|  33|0x0000000704900000, 0x0000000704900000, 0x0000000704a00000|  0%| F|  |TAMS 0x0000000704900000, 0x0000000704900000| Untracked 
|  34|0x0000000704a00000, 0x0000000704a00000, 0x0000000704b00000|  0%| F|  |TAMS 0x0000000704a00000, 0x0000000704a00000| Untracked 
|  35|0x0000000704b00000, 0x0000000704b00000, 0x0000000704c00000|  0%| F|  |TAMS 0x0000000704b00000, 0x0000000704b00000| Untracked 
|  36|0x0000000704c00000, 0x0000000704c00000, 0x0000000704d00000|  0%| F|  |TAMS 0x0000000704c00000, 0x0000000704c00000| Untracked 
|  37|0x0000000704d00000, 0x0000000704d00000, 0x0000000704e00000|  0%| F|  |TAMS 0x0000000704d00000, 0x0000000704d00000| Untracked 
|  38|0x0000000704e00000, 0x0000000704e00000, 0x0000000704f00000|  0%| F|  |TAMS 0x0000000704e00000, 0x0000000704e00000| Untracked 
|  39|0x0000000704f00000, 0x0000000704f00000, 0x0000000705000000|  0%| F|  |TAMS 0x0000000704f00000, 0x0000000704f00000| Untracked 
|  40|0x0000000705000000, 0x0000000705000000, 0x0000000705100000|  0%| F|  |TAMS 0x0000000705000000, 0x0000000705000000| Untracked 
|  41|0x0000000705100000, 0x0000000705100000, 0x0000000705200000|  0%| F|  |TAMS 0x0000000705100000, 0x0000000705100000| Untracked 
|  42|0x0000000705200000, 0x0000000705200000, 0x0000000705300000|  0%| F|  |TAMS 0x0000000705200000, 0x0000000705200000| Untracked 
|  43|0x0000000705300000, 0x0000000705300000, 0x0000000705400000|  0%| F|  |TAMS 0x0000000705300000, 0x0000000705300000| Untracked 
|  44|0x0000000705400000, 0x0000000705400000, 0x0000000705500000|  0%| F|  |TAMS 0x0000000705400000, 0x0000000705400000| Untracked 
|  45|0x0000000705500000, 0x0000000705500000, 0x0000000705600000|  0%| F|  |TAMS 0x0000000705500000, 0x0000000705500000| Untracked 
|  46|0x0000000705600000, 0x0000000705600000, 0x0000000705700000|  0%| F|  |TAMS 0x0000000705600000, 0x0000000705600000| Untracked 
|  47|0x0000000705700000, 0x0000000705700000, 0x0000000705800000|  0%| F|  |TAMS 0x0000000705700000, 0x0000000705700000| Untracked 
|  48|0x0000000705800000, 0x0000000705800000, 0x0000000705900000|  0%| F|  |TAMS 0x0000000705800000, 0x0000000705800000| Untracked 
|  49|0x0000000705900000, 0x0000000705900000, 0x0000000705a00000|  0%| F|  |TAMS 0x0000000705900000, 0x0000000705900000| Untracked 
|  50|0x0000000705a00000, 0x0000000705a00000, 0x0000000705b00000|  0%| F|  |TAMS 0x0000000705a00000, 0x0000000705a00000| Untracked 
|  51|0x0000000705b00000, 0x0000000705b00000, 0x0000000705c00000|  0%| F|  |TAMS 0x0000000705b00000, 0x0000000705b00000| Untracked 
|  52|0x0000000705c00000, 0x0000000705c00000, 0x0000000705d00000|  0%| F|  |TAMS 0x0000000705c00000, 0x0000000705c00000| Untracked 
|  53|0x0000000705d00000, 0x0000000705d00000, 0x0000000705e00000|  0%| F|  |TAMS 0x0000000705d00000, 0x0000000705d00000| Untracked 
|  54|0x0000000705e00000, 0x0000000705e00000, 0x0000000705f00000|  0%| F|  |TAMS 0x0000000705e00000, 0x0000000705e00000| Untracked 
|  55|0x0000000705f00000, 0x0000000705f00000, 0x0000000706000000|  0%| F|  |TAMS 0x0000000705f00000, 0x0000000705f00000| Untracked 
|  56|0x0000000706000000, 0x0000000706000000, 0x0000000706100000|  0%| F|  |TAMS 0x0000000706000000, 0x0000000706000000| Untracked 
|  57|0x0000000706100000, 0x0000000706100000, 0x0000000706200000|  0%| F|  |TAMS 0x0000000706100000, 0x0000000706100000| Untracked 
|  58|0x0000000706200000, 0x0000000706200000, 0x0000000706300000|  0%| F|  |TAMS 0x0000000706200000, 0x0000000706200000| Untracked 
|  59|0x0000000706300000, 0x0000000706300000, 0x0000000706400000|  0%| F|  |TAMS 0x0000000706300000, 0x0000000706300000| Untracked 
|  60|0x0000000706400000, 0x0000000706400000, 0x0000000706500000|  0%| F|  |TAMS 0x0000000706400000, 0x0000000706400000| Untracked 
|  61|0x0000000706500000, 0x0000000706500000, 0x0000000706600000|  0%| F|  |TAMS 0x0000000706500000, 0x0000000706500000| Untracked 
|  62|0x0000000706600000, 0x0000000706600000, 0x0000000706700000|  0%| F|  |TAMS 0x0000000706600000, 0x0000000706600000| Untracked 
|  63|0x0000000706700000, 0x0000000706700000, 0x0000000706800000|  0%| F|  |TAMS 0x0000000706700000, 0x0000000706700000| Untracked 
|  64|0x0000000706800000, 0x0000000706800000, 0x0000000706900000|  0%| F|  |TAMS 0x0000000706800000, 0x0000000706800000| Untracked 
|  65|0x0000000706900000, 0x0000000706900000, 0x0000000706a00000|  0%| F|  |TAMS 0x0000000706900000, 0x0000000706900000| Untracked 
|  66|0x0000000706a00000, 0x0000000706a00000, 0x0000000706b00000|  0%| F|  |TAMS 0x0000000706a00000, 0x0000000706a00000| Untracked 
|  67|0x0000000706b00000, 0x0000000706b00000, 0x0000000706c00000|  0%| F|  |TAMS 0x0000000706b00000, 0x0000000706b00000| Untracked 
|  68|0x0000000706c00000, 0x0000000706c00000, 0x0000000706d00000|  0%| F|  |TAMS 0x0000000706c00000, 0x0000000706c00000| Untracked 
|  69|0x0000000706d00000, 0x0000000706d00000, 0x0000000706e00000|  0%| F|  |TAMS 0x0000000706d00000, 0x0000000706d00000| Untracked 
|  70|0x0000000706e00000, 0x0000000706e00000, 0x0000000706f00000|  0%| F|  |TAMS 0x0000000706e00000, 0x0000000706e00000| Untracked 
|  71|0x0000000706f00000, 0x0000000706f00000, 0x0000000707000000|  0%| F|  |TAMS 0x0000000706f00000, 0x0000000706f00000| Untracked 
|  72|0x0000000707000000, 0x0000000707000000, 0x0000000707100000|  0%| F|  |TAMS 0x0000000707000000, 0x0000000707000000| Untracked 
|  73|0x0000000707100000, 0x0000000707100000, 0x0000000707200000|  0%| F|  |TAMS 0x0000000707100000, 0x0000000707100000| Untracked 
|  74|0x0000000707200000, 0x0000000707200000, 0x0000000707300000|  0%| F|  |TAMS 0x0000000707200000, 0x0000000707200000| Untracked 
|  75|0x0000000707300000, 0x0000000707300000, 0x0000000707400000|  0%| F|  |TAMS 0x0000000707300000, 0x0000000707300000| Untracked 
|  76|0x0000000707400000, 0x0000000707400000, 0x0000000707500000|  0%| F|  |TAMS 0x0000000707400000, 0x0000000707400000| Untracked 
|  77|0x0000000707500000, 0x0000000707500000, 0x0000000707600000|  0%| F|  |TAMS 0x0000000707500000, 0x0000000707500000| Untracked 
|  78|0x0000000707600000, 0x0000000707600000, 0x0000000707700000|  0%| F|  |TAMS 0x0000000707600000, 0x0000000707600000| Untracked 
|  79|0x0000000707700000, 0x0000000707700000, 0x0000000707800000|  0%| F|  |TAMS 0x0000000707700000, 0x0000000707700000| Untracked 
|  80|0x0000000707800000, 0x0000000707800000, 0x0000000707900000|  0%| F|  |TAMS 0x0000000707800000, 0x0000000707800000| Untracked 
|  81|0x0000000707900000, 0x0000000707900000, 0x0000000707a00000|  0%| F|  |TAMS 0x0000000707900000, 0x0000000707900000| Untracked 
|  82|0x0000000707a00000, 0x0000000707a00000, 0x0000000707b00000|  0%| F|  |TAMS 0x0000000707a00000, 0x0000000707a00000| Untracked 
|  83|0x0000000707b00000, 0x0000000707b00000, 0x0000000707c00000|  0%| F|  |TAMS 0x0000000707b00000, 0x0000000707b00000| Untracked 
|  84|0x0000000707c00000, 0x0000000707c00000, 0x0000000707d00000|  0%| F|  |TAMS 0x0000000707c00000, 0x0000000707c00000| Untracked 
|  85|0x0000000707d00000, 0x0000000707d00000, 0x0000000707e00000|  0%| F|  |TAMS 0x0000000707d00000, 0x0000000707d00000| Untracked 
|  86|0x0000000707e00000, 0x0000000707e00000, 0x0000000707f00000|  0%| F|  |TAMS 0x0000000707e00000, 0x0000000707e00000| Untracked 
|  87|0x0000000707f00000, 0x0000000707f00000, 0x0000000708000000|  0%| F|  |TAMS 0x0000000707f00000, 0x0000000707f00000| Untracked 
|  88|0x0000000708000000, 0x000000070803a5b8, 0x0000000708100000| 22%| S|CS|TAMS 0x0000000708000000, 0x0000000708000000| Complete 
|  89|0x0000000708100000, 0x0000000708200000, 0x0000000708200000|100%| S|CS|TAMS 0x0000000708100000, 0x0000000708100000| Complete 
|  90|0x0000000708200000, 0x0000000708300000, 0x0000000708300000|100%| S|CS|TAMS 0x0000000708200000, 0x0000000708200000| Complete 
|  91|0x0000000708300000, 0x0000000708400000, 0x0000000708400000|100%| S|CS|TAMS 0x0000000708300000, 0x0000000708300000| Complete 
|  92|0x0000000708400000, 0x0000000708500000, 0x0000000708500000|100%| S|CS|TAMS 0x0000000708400000, 0x0000000708400000| Complete 
|  93|0x0000000708500000, 0x0000000708600000, 0x0000000708600000|100%| S|CS|TAMS 0x0000000708500000, 0x0000000708500000| Complete 
|  94|0x0000000708600000, 0x0000000708700000, 0x0000000708700000|100%| S|CS|TAMS 0x0000000708600000, 0x0000000708600000| Complete 
|  95|0x0000000708700000, 0x0000000708800000, 0x0000000708800000|100%| S|CS|TAMS 0x0000000708700000, 0x0000000708700000| Complete 
|  96|0x0000000708800000, 0x0000000708900000, 0x0000000708900000|100%| S|CS|TAMS 0x0000000708800000, 0x0000000708800000| Complete 
|  97|0x0000000708900000, 0x0000000708a00000, 0x0000000708a00000|100%| S|CS|TAMS 0x0000000708900000, 0x0000000708900000| Complete 
|  98|0x0000000708a00000, 0x0000000708b00000, 0x0000000708b00000|100%| S|CS|TAMS 0x0000000708a00000, 0x0000000708a00000| Complete 
|  99|0x0000000708b00000, 0x0000000708c00000, 0x0000000708c00000|100%| S|CS|TAMS 0x0000000708b00000, 0x0000000708b00000| Complete 
| 100|0x0000000708c00000, 0x0000000708d00000, 0x0000000708d00000|100%| S|CS|TAMS 0x0000000708c00000, 0x0000000708c00000| Complete 
| 101|0x0000000708d00000, 0x0000000708e00000, 0x0000000708e00000|100%| S|CS|TAMS 0x0000000708d00000, 0x0000000708d00000| Complete 
| 102|0x0000000708e00000, 0x0000000708e00000, 0x0000000708f00000|  0%| F|  |TAMS 0x0000000708e00000, 0x0000000708e00000| Untracked 
| 103|0x0000000708f00000, 0x0000000708f00000, 0x0000000709000000|  0%| F|  |TAMS 0x0000000708f00000, 0x0000000708f00000| Untracked 
| 104|0x0000000709000000, 0x0000000709000000, 0x0000000709100000|  0%| F|  |TAMS 0x0000000709000000, 0x0000000709000000| Untracked 
| 105|0x0000000709100000, 0x0000000709100000, 0x0000000709200000|  0%| F|  |TAMS 0x0000000709100000, 0x0000000709100000| Untracked 
| 106|0x0000000709200000, 0x0000000709200000, 0x0000000709300000|  0%| F|  |TAMS 0x0000000709200000, 0x0000000709200000| Untracked 
| 107|0x0000000709300000, 0x0000000709300000, 0x0000000709400000|  0%| F|  |TAMS 0x0000000709300000, 0x0000000709300000| Untracked 
| 108|0x0000000709400000, 0x0000000709400000, 0x0000000709500000|  0%| F|  |TAMS 0x0000000709400000, 0x0000000709400000| Untracked 
| 109|0x0000000709500000, 0x0000000709500000, 0x0000000709600000|  0%| F|  |TAMS 0x0000000709500000, 0x0000000709500000| Untracked 
| 110|0x0000000709600000, 0x0000000709600000, 0x0000000709700000|  0%| F|  |TAMS 0x0000000709600000, 0x0000000709600000| Untracked 
| 111|0x0000000709700000, 0x0000000709700000, 0x0000000709800000|  0%| F|  |TAMS 0x0000000709700000, 0x0000000709700000| Untracked 
| 112|0x0000000709800000, 0x0000000709800000, 0x0000000709900000|  0%| F|  |TAMS 0x0000000709800000, 0x0000000709800000| Untracked 
| 113|0x0000000709900000, 0x0000000709900000, 0x0000000709a00000|  0%| F|  |TAMS 0x0000000709900000, 0x0000000709900000| Untracked 
| 114|0x0000000709a00000, 0x0000000709a00000, 0x0000000709b00000|  0%| F|  |TAMS 0x0000000709a00000, 0x0000000709a00000| Untracked 
| 115|0x0000000709b00000, 0x0000000709b00000, 0x0000000709c00000|  0%| F|  |TAMS 0x0000000709b00000, 0x0000000709b00000| Untracked 
| 116|0x0000000709c00000, 0x0000000709c00000, 0x0000000709d00000|  0%| F|  |TAMS 0x0000000709c00000, 0x0000000709c00000| Untracked 
| 117|0x0000000709d00000, 0x0000000709d00000, 0x0000000709e00000|  0%| F|  |TAMS 0x0000000709d00000, 0x0000000709d00000| Untracked 
| 118|0x0000000709e00000, 0x0000000709e00000, 0x0000000709f00000|  0%| F|  |TAMS 0x0000000709e00000, 0x0000000709e00000| Untracked 
| 119|0x0000000709f00000, 0x0000000709f00000, 0x000000070a000000|  0%| F|  |TAMS 0x0000000709f00000, 0x0000000709f00000| Untracked 
| 120|0x000000070a000000, 0x000000070a000000, 0x000000070a100000|  0%| F|  |TAMS 0x000000070a000000, 0x000000070a000000| Untracked 
| 121|0x000000070a100000, 0x000000070a100000, 0x000000070a200000|  0%| F|  |TAMS 0x000000070a100000, 0x000000070a100000| Untracked 
| 122|0x000000070a200000, 0x000000070a200000, 0x000000070a300000|  0%| F|  |TAMS 0x000000070a200000, 0x000000070a200000| Untracked 
| 123|0x000000070a300000, 0x000000070a300000, 0x000000070a400000|  0%| F|  |TAMS 0x000000070a300000, 0x000000070a300000| Untracked 
| 124|0x000000070a400000, 0x000000070a400000, 0x000000070a500000|  0%| F|  |TAMS 0x000000070a400000, 0x000000070a400000| Untracked 
| 125|0x000000070a500000, 0x000000070a500000, 0x000000070a600000|  0%| F|  |TAMS 0x000000070a500000, 0x000000070a500000| Untracked 
| 126|0x000000070a600000, 0x000000070a600000, 0x000000070a700000|  0%| F|  |TAMS 0x000000070a600000, 0x000000070a600000| Untracked 
| 127|0x000000070a700000, 0x000000070a700000, 0x000000070a800000|  0%| F|  |TAMS 0x000000070a700000, 0x000000070a700000| Untracked 
| 128|0x000000070a800000, 0x000000070a800000, 0x000000070a900000|  0%| F|  |TAMS 0x000000070a800000, 0x000000070a800000| Untracked 
| 129|0x000000070a900000, 0x000000070a900000, 0x000000070aa00000|  0%| F|  |TAMS 0x000000070a900000, 0x000000070a900000| Untracked 
| 130|0x000000070aa00000, 0x000000070aa00000, 0x000000070ab00000|  0%| F|  |TAMS 0x000000070aa00000, 0x000000070aa00000| Untracked 
| 131|0x000000070ab00000, 0x000000070ab00000, 0x000000070ac00000|  0%| F|  |TAMS 0x000000070ab00000, 0x000000070ab00000| Untracked 
| 132|0x000000070ac00000, 0x000000070ac00000, 0x000000070ad00000|  0%| F|  |TAMS 0x000000070ac00000, 0x000000070ac00000| Untracked 
| 133|0x000000070ad00000, 0x000000070ad00000, 0x000000070ae00000|  0%| F|  |TAMS 0x000000070ad00000, 0x000000070ad00000| Untracked 
| 134|0x000000070ae00000, 0x000000070ae00000, 0x000000070af00000|  0%| F|  |TAMS 0x000000070ae00000, 0x000000070ae00000| Untracked 
| 135|0x000000070af00000, 0x000000070af00000, 0x000000070b000000|  0%| F|  |TAMS 0x000000070af00000, 0x000000070af00000| Untracked 
| 136|0x000000070b000000, 0x000000070b000000, 0x000000070b100000|  0%| F|  |TAMS 0x000000070b000000, 0x000000070b000000| Untracked 
| 137|0x000000070b100000, 0x000000070b100000, 0x000000070b200000|  0%| F|  |TAMS 0x000000070b100000, 0x000000070b100000| Untracked 
| 138|0x000000070b200000, 0x000000070b200000, 0x000000070b300000|  0%| F|  |TAMS 0x000000070b200000, 0x000000070b200000| Untracked 
| 139|0x000000070b300000, 0x000000070b300000, 0x000000070b400000|  0%| F|  |TAMS 0x000000070b300000, 0x000000070b300000| Untracked 
| 140|0x000000070b400000, 0x000000070b400000, 0x000000070b500000|  0%| F|  |TAMS 0x000000070b400000, 0x000000070b400000| Untracked 
| 141|0x000000070b500000, 0x000000070b500000, 0x000000070b600000|  0%| F|  |TAMS 0x000000070b500000, 0x000000070b500000| Untracked 
| 142|0x000000070b600000, 0x000000070b600000, 0x000000070b700000|  0%| F|  |TAMS 0x000000070b600000, 0x000000070b600000| Untracked 
| 143|0x000000070b700000, 0x000000070b700000, 0x000000070b800000|  0%| F|  |TAMS 0x000000070b700000, 0x000000070b700000| Untracked 
| 144|0x000000070b800000, 0x000000070b800000, 0x000000070b900000|  0%| F|  |TAMS 0x000000070b800000, 0x000000070b800000| Untracked 
| 145|0x000000070b900000, 0x000000070b900000, 0x000000070ba00000|  0%| F|  |TAMS 0x000000070b900000, 0x000000070b900000| Untracked 
| 146|0x000000070ba00000, 0x000000070ba00000, 0x000000070bb00000|  0%| F|  |TAMS 0x000000070ba00000, 0x000000070ba00000| Untracked 
| 147|0x000000070bb00000, 0x000000070bb00000, 0x000000070bc00000|  0%| F|  |TAMS 0x000000070bb00000, 0x000000070bb00000| Untracked 
| 148|0x000000070bc00000, 0x000000070bc00000, 0x000000070bd00000|  0%| F|  |TAMS 0x000000070bc00000, 0x000000070bc00000| Untracked 
| 149|0x000000070bd00000, 0x000000070bd00000, 0x000000070be00000|  0%| F|  |TAMS 0x000000070bd00000, 0x000000070bd00000| Untracked 
| 150|0x000000070be00000, 0x000000070be00000, 0x000000070bf00000|  0%| F|  |TAMS 0x000000070be00000, 0x000000070be00000| Untracked 
| 151|0x000000070bf00000, 0x000000070bf00000, 0x000000070c000000|  0%| F|  |TAMS 0x000000070bf00000, 0x000000070bf00000| Untracked 
| 152|0x000000070c000000, 0x000000070c000000, 0x000000070c100000|  0%| F|  |TAMS 0x000000070c000000, 0x000000070c000000| Untracked 
| 153|0x000000070c100000, 0x000000070c100000, 0x000000070c200000|  0%| F|  |TAMS 0x000000070c100000, 0x000000070c100000| Untracked 
| 154|0x000000070c200000, 0x000000070c200000, 0x000000070c300000|  0%| F|  |TAMS 0x000000070c200000, 0x000000070c200000| Untracked 
| 155|0x000000070c300000, 0x000000070c300000, 0x000000070c400000|  0%| F|  |TAMS 0x000000070c300000, 0x000000070c300000| Untracked 
| 156|0x000000070c400000, 0x000000070c400000, 0x000000070c500000|  0%| F|  |TAMS 0x000000070c400000, 0x000000070c400000| Untracked 
| 157|0x000000070c500000, 0x000000070c500000, 0x000000070c600000|  0%| F|  |TAMS 0x000000070c500000, 0x000000070c500000| Untracked 
| 158|0x000000070c600000, 0x000000070c600000, 0x000000070c700000|  0%| F|  |TAMS 0x000000070c600000, 0x000000070c600000| Untracked 
| 159|0x000000070c700000, 0x000000070c700000, 0x000000070c800000|  0%| F|  |TAMS 0x000000070c700000, 0x000000070c700000| Untracked 
| 160|0x000000070c800000, 0x000000070c800000, 0x000000070c900000|  0%| F|  |TAMS 0x000000070c800000, 0x000000070c800000| Untracked 
| 161|0x000000070c900000, 0x000000070c900000, 0x000000070ca00000|  0%| F|  |TAMS 0x000000070c900000, 0x000000070c900000| Untracked 
| 162|0x000000070ca00000, 0x000000070ca00000, 0x000000070cb00000|  0%| F|  |TAMS 0x000000070ca00000, 0x000000070ca00000| Untracked 
| 163|0x000000070cb00000, 0x000000070cb00000, 0x000000070cc00000|  0%| F|  |TAMS 0x000000070cb00000, 0x000000070cb00000| Untracked 
| 164|0x000000070cc00000, 0x000000070cc00000, 0x000000070cd00000|  0%| F|  |TAMS 0x000000070cc00000, 0x000000070cc00000| Untracked 
| 165|0x000000070cd00000, 0x000000070cd00000, 0x000000070ce00000|  0%| F|  |TAMS 0x000000070cd00000, 0x000000070cd00000| Untracked 
| 166|0x000000070ce00000, 0x000000070ce00000, 0x000000070cf00000|  0%| F|  |TAMS 0x000000070ce00000, 0x000000070ce00000| Untracked 
| 167|0x000000070cf00000, 0x000000070cf00000, 0x000000070d000000|  0%| F|  |TAMS 0x000000070cf00000, 0x000000070cf00000| Untracked 
| 168|0x000000070d000000, 0x000000070d000000, 0x000000070d100000|  0%| F|  |TAMS 0x000000070d000000, 0x000000070d000000| Untracked 
| 169|0x000000070d100000, 0x000000070d100000, 0x000000070d200000|  0%| F|  |TAMS 0x000000070d100000, 0x000000070d100000| Untracked 
| 170|0x000000070d200000, 0x000000070d200000, 0x000000070d300000|  0%| F|  |TAMS 0x000000070d200000, 0x000000070d200000| Untracked 
| 171|0x000000070d300000, 0x000000070d300000, 0x000000070d400000|  0%| F|  |TAMS 0x000000070d300000, 0x000000070d300000| Untracked 
| 172|0x000000070d400000, 0x000000070d400000, 0x000000070d500000|  0%| F|  |TAMS 0x000000070d400000, 0x000000070d400000| Untracked 
| 173|0x000000070d500000, 0x000000070d500000, 0x000000070d600000|  0%| F|  |TAMS 0x000000070d500000, 0x000000070d500000| Untracked 
| 174|0x000000070d600000, 0x000000070d600000, 0x000000070d700000|  0%| F|  |TAMS 0x000000070d600000, 0x000000070d600000| Untracked 
| 175|0x000000070d700000, 0x000000070d700000, 0x000000070d800000|  0%| F|  |TAMS 0x000000070d700000, 0x000000070d700000| Untracked 
| 176|0x000000070d800000, 0x000000070d800000, 0x000000070d900000|  0%| F|  |TAMS 0x000000070d800000, 0x000000070d800000| Untracked 
| 177|0x000000070d900000, 0x000000070d900000, 0x000000070da00000|  0%| F|  |TAMS 0x000000070d900000, 0x000000070d900000| Untracked 
| 178|0x000000070da00000, 0x000000070da00000, 0x000000070db00000|  0%| F|  |TAMS 0x000000070da00000, 0x000000070da00000| Untracked 
| 179|0x000000070db00000, 0x000000070db00000, 0x000000070dc00000|  0%| F|  |TAMS 0x000000070db00000, 0x000000070db00000| Untracked 
| 180|0x000000070dc00000, 0x000000070dc00000, 0x000000070dd00000|  0%| F|  |TAMS 0x000000070dc00000, 0x000000070dc00000| Untracked 
| 181|0x000000070dd00000, 0x000000070dd00000, 0x000000070de00000|  0%| F|  |TAMS 0x000000070dd00000, 0x000000070dd00000| Untracked 
| 182|0x000000070de00000, 0x000000070de00000, 0x000000070df00000|  0%| F|  |TAMS 0x000000070de00000, 0x000000070de00000| Untracked 
| 183|0x000000070df00000, 0x000000070df00000, 0x000000070e000000|  0%| F|  |TAMS 0x000000070df00000, 0x000000070df00000| Untracked 
| 184|0x000000070e000000, 0x000000070e000000, 0x000000070e100000|  0%| F|  |TAMS 0x000000070e000000, 0x000000070e000000| Untracked 
| 185|0x000000070e100000, 0x000000070e100000, 0x000000070e200000|  0%| F|  |TAMS 0x000000070e100000, 0x000000070e100000| Untracked 
| 186|0x000000070e200000, 0x000000070e200000, 0x000000070e300000|  0%| F|  |TAMS 0x000000070e200000, 0x000000070e200000| Untracked 
| 187|0x000000070e300000, 0x000000070e300000, 0x000000070e400000|  0%| F|  |TAMS 0x000000070e300000, 0x000000070e300000| Untracked 
| 188|0x000000070e400000, 0x000000070e400000, 0x000000070e500000|  0%| F|  |TAMS 0x000000070e400000, 0x000000070e400000| Untracked 
| 189|0x000000070e500000, 0x000000070e500000, 0x000000070e600000|  0%| F|  |TAMS 0x000000070e500000, 0x000000070e500000| Untracked 
| 190|0x000000070e600000, 0x000000070e600000, 0x000000070e700000|  0%| F|  |TAMS 0x000000070e600000, 0x000000070e600000| Untracked 
| 191|0x000000070e700000, 0x000000070e700000, 0x000000070e800000|  0%| F|  |TAMS 0x000000070e700000, 0x000000070e700000| Untracked 
| 192|0x000000070e800000, 0x000000070e800000, 0x000000070e900000|  0%| F|  |TAMS 0x000000070e800000, 0x000000070e800000| Untracked 
| 193|0x000000070e900000, 0x000000070e900000, 0x000000070ea00000|  0%| F|  |TAMS 0x000000070e900000, 0x000000070e900000| Untracked 
| 194|0x000000070ea00000, 0x000000070ea00000, 0x000000070eb00000|  0%| F|  |TAMS 0x000000070ea00000, 0x000000070ea00000| Untracked 
| 195|0x000000070eb00000, 0x000000070eb00000, 0x000000070ec00000|  0%| F|  |TAMS 0x000000070eb00000, 0x000000070eb00000| Untracked 
| 196|0x000000070ec00000, 0x000000070ec00000, 0x000000070ed00000|  0%| F|  |TAMS 0x000000070ec00000, 0x000000070ec00000| Untracked 
| 197|0x000000070ed00000, 0x000000070ed00000, 0x000000070ee00000|  0%| F|  |TAMS 0x000000070ed00000, 0x000000070ed00000| Untracked 
| 198|0x000000070ee00000, 0x000000070ee00000, 0x000000070ef00000|  0%| F|  |TAMS 0x000000070ee00000, 0x000000070ee00000| Untracked 
| 199|0x000000070ef00000, 0x000000070ef00000, 0x000000070f000000|  0%| F|  |TAMS 0x000000070ef00000, 0x000000070ef00000| Untracked 
| 200|0x000000070f000000, 0x000000070f000000, 0x000000070f100000|  0%| F|  |TAMS 0x000000070f000000, 0x000000070f000000| Untracked 
| 201|0x000000070f100000, 0x000000070f100000, 0x000000070f200000|  0%| F|  |TAMS 0x000000070f100000, 0x000000070f100000| Untracked 
| 202|0x000000070f200000, 0x000000070f200000, 0x000000070f300000|  0%| F|  |TAMS 0x000000070f200000, 0x000000070f200000| Untracked 
| 203|0x000000070f300000, 0x000000070f300000, 0x000000070f400000|  0%| F|  |TAMS 0x000000070f300000, 0x000000070f300000| Untracked 
| 204|0x000000070f400000, 0x000000070f400000, 0x000000070f500000|  0%| F|  |TAMS 0x000000070f400000, 0x000000070f400000| Untracked 
| 205|0x000000070f500000, 0x000000070f500000, 0x000000070f600000|  0%| F|  |TAMS 0x000000070f500000, 0x000000070f500000| Untracked 
| 206|0x000000070f600000, 0x000000070f600000, 0x000000070f700000|  0%| F|  |TAMS 0x000000070f600000, 0x000000070f600000| Untracked 
| 207|0x000000070f700000, 0x000000070f700000, 0x000000070f800000|  0%| F|  |TAMS 0x000000070f700000, 0x000000070f700000| Untracked 
| 208|0x000000070f800000, 0x000000070f800000, 0x000000070f900000|  0%| F|  |TAMS 0x000000070f800000, 0x000000070f800000| Untracked 
| 209|0x000000070f900000, 0x000000070f900000, 0x000000070fa00000|  0%| F|  |TAMS 0x000000070f900000, 0x000000070f900000| Untracked 
| 210|0x000000070fa00000, 0x000000070fa00000, 0x000000070fb00000|  0%| F|  |TAMS 0x000000070fa00000, 0x000000070fa00000| Untracked 
| 211|0x000000070fb00000, 0x000000070fb00000, 0x000000070fc00000|  0%| F|  |TAMS 0x000000070fb00000, 0x000000070fb00000| Untracked 
| 212|0x000000070fc00000, 0x000000070fc00000, 0x000000070fd00000|  0%| F|  |TAMS 0x000000070fc00000, 0x000000070fc00000| Untracked 
| 213|0x000000070fd00000, 0x000000070fd00000, 0x000000070fe00000|  0%| F|  |TAMS 0x000000070fd00000, 0x000000070fd00000| Untracked 
| 214|0x000000070fe00000, 0x000000070fe00000, 0x000000070ff00000|  0%| F|  |TAMS 0x000000070fe00000, 0x000000070fe00000| Untracked 
| 215|0x000000070ff00000, 0x000000070ff00000, 0x0000000710000000|  0%| F|  |TAMS 0x000000070ff00000, 0x000000070ff00000| Untracked 
| 216|0x0000000710000000, 0x0000000710000000, 0x0000000710100000|  0%| F|  |TAMS 0x0000000710000000, 0x0000000710000000| Untracked 
| 217|0x0000000710100000, 0x0000000710100000, 0x0000000710200000|  0%| F|  |TAMS 0x0000000710100000, 0x0000000710100000| Untracked 
| 218|0x0000000710200000, 0x0000000710200000, 0x0000000710300000|  0%| F|  |TAMS 0x0000000710200000, 0x0000000710200000| Untracked 
| 219|0x0000000710300000, 0x0000000710380800, 0x0000000710400000| 50%| E|  |TAMS 0x0000000710300000, 0x0000000710300000| Complete 
| 220|0x0000000710400000, 0x0000000710500000, 0x0000000710500000|100%| E|CS|TAMS 0x0000000710400000, 0x0000000710400000| Complete 
| 221|0x0000000710500000, 0x0000000710600000, 0x0000000710600000|100%| E|CS|TAMS 0x0000000710500000, 0x0000000710500000| Complete 
| 222|0x0000000710600000, 0x0000000710700000, 0x0000000710700000|100%| E|CS|TAMS 0x0000000710600000, 0x0000000710600000| Complete 
| 223|0x0000000710700000, 0x0000000710800000, 0x0000000710800000|100%| E|CS|TAMS 0x0000000710700000, 0x0000000710700000| Complete 
| 224|0x0000000710800000, 0x0000000710900000, 0x0000000710900000|100%| E|CS|TAMS 0x0000000710800000, 0x0000000710800000| Complete 
| 225|0x0000000710900000, 0x0000000710a00000, 0x0000000710a00000|100%| E|CS|TAMS 0x0000000710900000, 0x0000000710900000| Complete 
| 226|0x0000000710a00000, 0x0000000710b00000, 0x0000000710b00000|100%| E|CS|TAMS 0x0000000710a00000, 0x0000000710a00000| Complete 
| 227|0x0000000710b00000, 0x0000000710c00000, 0x0000000710c00000|100%| E|CS|TAMS 0x0000000710b00000, 0x0000000710b00000| Complete 
| 228|0x0000000710c00000, 0x0000000710d00000, 0x0000000710d00000|100%| E|CS|TAMS 0x0000000710c00000, 0x0000000710c00000| Complete 
| 229|0x0000000710d00000, 0x0000000710e00000, 0x0000000710e00000|100%| E|CS|TAMS 0x0000000710d00000, 0x0000000710d00000| Complete 
| 230|0x0000000710e00000, 0x0000000710f00000, 0x0000000710f00000|100%| E|CS|TAMS 0x0000000710e00000, 0x0000000710e00000| Complete 
| 231|0x0000000710f00000, 0x0000000711000000, 0x0000000711000000|100%| E|CS|TAMS 0x0000000710f00000, 0x0000000710f00000| Complete 
| 232|0x0000000711000000, 0x0000000711100000, 0x0000000711100000|100%| E|CS|TAMS 0x0000000711000000, 0x0000000711000000| Complete 
| 233|0x0000000711100000, 0x0000000711200000, 0x0000000711200000|100%| E|CS|TAMS 0x0000000711100000, 0x0000000711100000| Complete 
| 234|0x0000000711200000, 0x0000000711300000, 0x0000000711300000|100%| E|CS|TAMS 0x0000000711200000, 0x0000000711200000| Complete 
| 235|0x0000000711300000, 0x0000000711400000, 0x0000000711400000|100%| E|CS|TAMS 0x0000000711300000, 0x0000000711300000| Complete 
| 236|0x0000000711400000, 0x0000000711500000, 0x0000000711500000|100%| E|CS|TAMS 0x0000000711400000, 0x0000000711400000| Complete 
| 237|0x0000000711500000, 0x0000000711600000, 0x0000000711600000|100%| E|CS|TAMS 0x0000000711500000, 0x0000000711500000| Complete 
| 238|0x0000000711600000, 0x0000000711700000, 0x0000000711700000|100%| E|CS|TAMS 0x0000000711600000, 0x0000000711600000| Complete 
| 239|0x0000000711700000, 0x0000000711800000, 0x0000000711800000|100%| E|CS|TAMS 0x0000000711700000, 0x0000000711700000| Complete 
| 240|0x0000000711800000, 0x0000000711900000, 0x0000000711900000|100%| E|CS|TAMS 0x0000000711800000, 0x0000000711800000| Complete 
| 241|0x0000000711900000, 0x0000000711a00000, 0x0000000711a00000|100%| E|CS|TAMS 0x0000000711900000, 0x0000000711900000| Complete 
| 242|0x0000000711a00000, 0x0000000711b00000, 0x0000000711b00000|100%| E|CS|TAMS 0x0000000711a00000, 0x0000000711a00000| Complete 
| 243|0x0000000711b00000, 0x0000000711c00000, 0x0000000711c00000|100%| E|CS|TAMS 0x0000000711b00000, 0x0000000711b00000| Complete 
| 244|0x0000000711c00000, 0x0000000711d00000, 0x0000000711d00000|100%| E|CS|TAMS 0x0000000711c00000, 0x0000000711c00000| Complete 
| 245|0x0000000711d00000, 0x0000000711e00000, 0x0000000711e00000|100%| E|CS|TAMS 0x0000000711d00000, 0x0000000711d00000| Complete 
| 246|0x0000000711e00000, 0x0000000711f00000, 0x0000000711f00000|100%| E|CS|TAMS 0x0000000711e00000, 0x0000000711e00000| Complete 
| 247|0x0000000711f00000, 0x0000000712000000, 0x0000000712000000|100%| E|CS|TAMS 0x0000000711f00000, 0x0000000711f00000| Complete 
| 248|0x0000000712000000, 0x0000000712100000, 0x0000000712100000|100%| E|CS|TAMS 0x0000000712000000, 0x0000000712000000| Complete 
| 249|0x0000000712100000, 0x0000000712200000, 0x0000000712200000|100%| E|CS|TAMS 0x0000000712100000, 0x0000000712100000| Complete 
| 250|0x0000000712200000, 0x0000000712300000, 0x0000000712300000|100%| E|CS|TAMS 0x0000000712200000, 0x0000000712200000| Complete 
| 251|0x0000000712300000, 0x0000000712400000, 0x0000000712400000|100%| E|CS|TAMS 0x0000000712300000, 0x0000000712300000| Complete 
| 252|0x0000000712400000, 0x0000000712500000, 0x0000000712500000|100%| E|CS|TAMS 0x0000000712400000, 0x0000000712400000| Complete 
| 253|0x0000000712500000, 0x0000000712600000, 0x0000000712600000|100%| E|CS|TAMS 0x0000000712500000, 0x0000000712500000| Complete 

Card table byte_map: [0x0000027e7d910000,0x0000027e7e100000] _byte_map_base: 0x0000027e7a0fc000

Marking Bits (Prev, Next): (CMBitMap*) 0x0000027e69fed128, (CMBitMap*) 0x0000027e69fed160
 Prev Bits: [0x0000027e00000000, 0x0000027e03f60000)
 Next Bits: [0x0000027e03f60000, 0x0000027e07ec0000)

Polling page: 0x0000027e692e0000

Metaspace:

Usage:
  Non-class:     39.86 MB capacity,    39.20 MB ( 98%) used,   537.00 KB (  1%) free+waste,   141.94 KB ( <1%) overhead. 
      Class:      6.12 MB capacity,     5.68 MB ( 93%) used,   383.97 KB (  6%) free+waste,    66.81 KB (  1%) overhead. 
       Both:     45.98 MB capacity,    44.88 MB ( 98%) used,   920.97 KB (  2%) free+waste,   208.75 KB ( <1%) overhead. 

Virtual space:
  Non-class space:       40.00 MB reserved,      39.92 MB (>99%) committed 
      Class space:        1.00 GB reserved,       6.20 MB ( <1%) committed 
             Both:        1.04 GB reserved,      46.12 MB (  4%) committed 

Chunk freelists:
   Non-Class:  1.00 KB
       Class:  3.00 KB
        Both:  4.00 KB

CodeHeap 'non-profiled nmethods': size=120000Kb used=3378Kb max_used=3378Kb free=116621Kb
 bounds [0x0000027e758c0000, 0x0000027e75c10000, 0x0000027e7cdf0000]
CodeHeap 'profiled nmethods': size=120000Kb used=12465Kb max_used=12465Kb free=107534Kb
 bounds [0x0000027e6e390000, 0x0000027e6efc0000, 0x0000027e758c0000]
CodeHeap 'non-nmethods': size=5760Kb used=1196Kb max_used=1261Kb free=4563Kb
 bounds [0x0000027e6ddf0000, 0x0000027e6e060000, 0x0000027e6e390000]
 total_blobs=6711 nmethods=4959 adapters=453
 compilation: enabled
              stopped_count=0, restarted_count=0
 full_count=0

Compilation events (10 events):
Event: 20.555 Thread 0x0000027e09faf800 5008   !   2       org.springframework.orm.jpa.support.PersistenceAnnotationBeanPostProcessor::findPersistenceMetadata (124 bytes)
Event: 20.556 Thread 0x0000027e09faf800 nmethod 5008 0x0000027e6ef99110 code [0x0000027e6ef99340, 0x0000027e6ef999e0]
Event: 20.556 Thread 0x0000027e09faf800 5009   !   2       org.springframework.context.annotation.CommonAnnotationBeanPostProcessor::findResourceMetadata (124 bytes)
Event: 20.556 Thread 0x0000027e09faf800 nmethod 5009 0x0000027e6ef99d90 code [0x0000027e6ef99fc0, 0x0000027e6ef9a660]
Event: 20.566 Thread 0x0000027e09faf800 5010       2       org.springframework.util.StringUtils::delimitedListToStringArray (164 bytes)
Event: 20.568 Thread 0x0000027e09faf800 nmethod 5010 0x0000027e6ef9aa10 code [0x0000027e6ef9ad00, 0x0000027e6ef9bbe0]
Event: 20.580 Thread 0x0000027e09faf800 5011       2       java.lang.String::regionMatches (150 bytes)
Event: 20.581 Thread 0x0000027e09faf800 nmethod 5011 0x0000027e6ef9c490 code [0x0000027e6ef9c680, 0x0000027e6ef9ca10]
Event: 20.584 Thread 0x0000027e09faf800 5012   !   2       java.net.URL::<init> (543 bytes)
Event: 20.590 Thread 0x0000027e09faf800 nmethod 5012 0x0000027e6ef9cc10 code [0x0000027e6ef9d060, 0x0000027e6ef9ecb0]

GC Heap History (10 events):
Event: 6.257 GC heap before
{Heap before GC invocations=2 (full 0):
 garbage-first heap   total 260096K, used 56952K [0x0000000702800000, 0x0000000800000000)
  region size 1024K, 48 young (49152K), 1 survivors (1024K)
 Metaspace       used 13436K, capacity 13873K, committed 14080K, reserved 1060864K
  class space    used 1750K, capacity 1931K, committed 2048K, reserved 1048576K
}
Event: 6.262 GC heap after
{Heap after GC invocations=3 (full 0):
 garbage-first heap   total 260096K, used 11594K [0x0000000702800000, 0x0000000800000000)
  region size 1024K, 3 young (3072K), 3 survivors (3072K)
 Metaspace       used 13436K, capacity 13873K, committed 14080K, reserved 1060864K
  class space    used 1750K, capacity 1931K, committed 2048K, reserved 1048576K
}
Event: 9.851 GC heap before
{Heap before GC invocations=3 (full 0):
 garbage-first heap   total 260096K, used 73034K [0x0000000702800000, 0x0000000800000000)
  region size 1024K, 65 young (66560K), 3 survivors (3072K)
 Metaspace       used 20570K, capacity 21192K, committed 21296K, reserved 1067008K
  class space    used 2665K, capacity 2926K, committed 2944K, reserved 1048576K
}
Event: 9.856 GC heap after
{Heap after GC invocations=4 (full 0):
 garbage-first heap   total 260096K, used 13218K [0x0000000702800000, 0x0000000800000000)
  region size 1024K, 5 young (5120K), 5 survivors (5120K)
 Metaspace       used 20570K, capacity 21192K, committed 21296K, reserved 1067008K
  class space    used 2665K, capacity 2926K, committed 2944K, reserved 1048576K
}
Event: 12.872 GC heap before
{Heap before GC invocations=5 (full 0):
 garbage-first heap   total 260096K, used 107426K [0x0000000702800000, 0x0000000800000000)
  region size 1024K, 98 young (100352K), 5 survivors (5120K)
 Metaspace       used 24628K, capacity 25383K, committed 25648K, reserved 1071104K
  class space    used 3136K, capacity 3436K, committed 3456K, reserved 1048576K
}
Event: 12.881 GC heap after
{Heap after GC invocations=6 (full 0):
 garbage-first heap   total 260096K, used 16113K [0x0000000702800000, 0x0000000800000000)
  region size 1024K, 8 young (8192K), 8 survivors (8192K)
 Metaspace       used 24628K, capacity 25383K, committed 25648K, reserved 1071104K
  class space    used 3136K, capacity 3436K, committed 3456K, reserved 1048576K
}
Event: 15.512 GC heap before
{Heap before GC invocations=6 (full 0):
 garbage-first heap   total 260096K, used 114417K [0x0000000702800000, 0x0000000800000000)
  region size 1024K, 105 young (107520K), 8 survivors (8192K)
 Metaspace       used 34945K, capacity 35914K, committed 35920K, reserved 1081344K
  class space    used 4578K, capacity 4986K, committed 4992K, reserved 1048576K
}
Event: 15.547 GC heap after
{Heap after GC invocations=7 (full 0):
 garbage-first heap   total 260096K, used 20060K [0x0000000702800000, 0x0000000800000000)
  region size 1024K, 11 young (11264K), 11 survivors (11264K)
 Metaspace       used 34945K, capacity 35914K, committed 35920K, reserved 1081344K
  class space    used 4578K, capacity 4986K, committed 4992K, reserved 1048576K
}
Event: 19.953 GC heap before
{Heap before GC invocations=8 (full 0):
 garbage-first heap   total 260096K, used 164444K [0x0000000702800000, 0x0000000800000000)
  region size 1024K, 152 young (155648K), 11 survivors (11264K)
 Metaspace       used 40253K, capacity 41351K, committed 41468K, reserved 1085440K
  class space    used 5206K, capacity 5642K, committed 5708K, reserved 1048576K
}
Event: 19.972 GC heap after
{Heap after GC invocations=9 (full 0):
 garbage-first heap   total 260096K, used 23241K [0x0000000702800000, 0x0000000800000000)
  region size 1024K, 14 young (14336K), 14 survivors (14336K)
 Metaspace       used 40253K, capacity 41351K, committed 41468K, reserved 1085440K
  class space    used 5206K, capacity 5642K, committed 5708K, reserved 1048576K
}

Deoptimization events (10 events):
Event: 20.568 Thread 0x0000027e69f85800 Uncommon trap: trap_request=0xffffff4d fr.pc=0x0000027e75a93b2c relative=0x0000000000001eac
Event: 20.568 Thread 0x0000027e69f85800 Uncommon trap: reason=unstable_if action=reinterpret pc=0x0000027e75a93b2c method=java.net.URL.<init>(Ljava/net/URL;Ljava/lang/String;Ljava/net/URLStreamHandler;)V @ 57 c2
Event: 20.568 Thread 0x0000027e69f85800 DEOPT PACKING pc=0x0000027e75a93b2c sp=0x00000082d37fe220
Event: 20.568 Thread 0x0000027e69f85800 DEOPT UNPACKING pc=0x0000027e6de192af sp=0x00000082d37fe1e0 mode 2
Event: 20.568 Thread 0x0000027e69f85800 Uncommon trap: trap_request=0xffffff4d fr.pc=0x0000027e75b77de8 relative=0x0000000000003d08
Event: 20.568 Thread 0x0000027e69f85800 Uncommon trap: reason=unstable_if action=reinterpret pc=0x0000027e75b77de8 method=java.net.URLStreamHandler.parseURL(Ljava/net/URL;Ljava/lang/String;II)V @ 57 c2
Event: 20.568 Thread 0x0000027e69f85800 DEOPT PACKING pc=0x0000027e75b77de8 sp=0x00000082d37fe080
Event: 20.568 Thread 0x0000027e69f85800 DEOPT UNPACKING pc=0x0000027e6de192af sp=0x00000082d37fe050 mode 2
Event: 20.579 Thread 0x0000027e69f85800 DEOPT PACKING pc=0x0000027e6ef8b278 sp=0x00000082d37fdb00
Event: 20.579 Thread 0x0000027e69f85800 DEOPT UNPACKING pc=0x0000027e6de190ce sp=0x00000082d37fd008 mode 0

Classes redefined (0 events):
No events

Internal exceptions (10 events):
Event: 19.162 Thread 0x0000027e69f85800 Exception <a 'java/lang/ClassNotFoundException'{0x000000070be851c8}: org/aopalliance/aop/AdviceCustomizer> (0x000000070be851c8) thrown at [c:/BuildAgent/work/5ff2f6c26000d570/src/hotspot/share/classfile/systemDictionary.cpp, line 231]
Event: 19.167 Thread 0x0000027e69f85800 Exception <a 'java/lang/ClassNotFoundException'{0x000000070bea0e68}: org/springframework/beans/factory/FactoryBeanCustomizer> (0x000000070bea0e68) thrown at [c:/BuildAgent/work/5ff2f6c26000d570/src/hotspot/share/classfile/systemDictionary.cpp, line 231]
Event: 19.172 Thread 0x0000027e69f85800 Exception <a 'java/lang/ClassNotFoundException'{0x000000070bec2110}: org/springframework/beans/factory/BeanFactoryAwareCustomizer> (0x000000070bec2110) thrown at [c:/BuildAgent/work/5ff2f6c26000d570/src/hotspot/share/classfile/systemDictionary.cpp, line 2
Event: 19.176 Thread 0x0000027e69f85800 Exception <a 'java/lang/ClassNotFoundException'{0x000000070bedd2f0}: org/springframework/beans/factory/AwareCustomizer> (0x000000070bedd2f0) thrown at [c:/BuildAgent/work/5ff2f6c26000d570/src/hotspot/share/classfile/systemDictionary.cpp, line 231]
Event: 19.180 Thread 0x0000027e69f85800 Exception <a 'java/lang/ClassNotFoundException'{0x000000070befab90}: org/springframework/aop/framework/AopInfrastructureBeanCustomizer> (0x000000070befab90) thrown at [c:/BuildAgent/work/5ff2f6c26000d570/src/hotspot/share/classfile/systemDictionary.cpp, l
Event: 19.655 Thread 0x0000027e69f85800 Exception <a 'java/io/FileNotFoundException'{0x0000000709ed0d38}> (0x0000000709ed0d38) thrown at [c:/BuildAgent/work/5ff2f6c26000d570/src/hotspot/share/prims/jni.cpp, line 615]
Event: 19.719 Thread 0x0000027e69f85800 Exception <a 'java/lang/NoSuchMethodError'{0x0000000709bf30c0}: 'void java.lang.invoke.DirectMethodHandle$Holder.invokeVirtual(java.lang.Object, java.lang.Object, java.lang.Object, java.lang.Object)'> (0x0000000709bf30c0) thrown at [c:/BuildAgent/work/5ff
Event: 19.918 Thread 0x0000027e69f85800 Exception <a 'java/lang/NoSuchMethodError'{0x0000000708f15900}: 'void java.lang.invoke.DirectMethodHandle$Holder.invokeVirtual(java.lang.Object, java.lang.Object, int)'> (0x0000000708f15900) thrown at [c:/BuildAgent/work/5ff2f6c26000d570/src/hotspot/share
Event: 19.920 Thread 0x0000027e69f85800 Exception <a 'java/lang/NoSuchMethodError'{0x0000000708f2f9a0}: 'void java.lang.invoke.DirectMethodHandle$Holder.invokeVirtual(java.lang.Object, java.lang.Object, long)'> (0x0000000708f2f9a0) thrown at [c:/BuildAgent/work/5ff2f6c26000d570/src/hotspot/shar
Event: 20.520 Thread 0x0000027e69f85800 Exception <a 'java/lang/NoSuchMethodError'{0x0000000710fcafb0}: 'java.lang.Object java.lang.invoke.DirectMethodHandle$Holder.invokeStaticInit(java.lang.Object, java.lang.Object, java.lang.Object, java.lang.Object)'> (0x0000000710fcafb0) thrown at [c:/Buil

Events (10 events):
Event: 20.592 loading class javax/persistence/criteria/CriteriaBuilder
Event: 20.592 loading class javax/persistence/criteria/CriteriaBuilder done
Event: 20.593 loading class org/hibernate/boot/archive/scan/spi/ScanOptions
Event: 20.593 loading class org/hibernate/boot/archive/scan/spi/ScanOptions done
Event: 20.593 loading class org/hibernate/proxy/EntityNotFoundDelegate
Event: 20.593 loading class org/hibernate/proxy/EntityNotFoundDelegate done
Event: 20.594 loading class javax/persistence/PersistenceUnitUtil
Event: 20.594 loading class javax/persistence/PersistenceUnitUtil done
Event: 20.594 loading class org/hibernate/internal/HEMLogging
Event: 20.594 loading class org/hibernate/internal/HEMLogging done


Dynamic libraries:
0x00007ff7eb240000 - 0x00007ff7eb287000 	C:\Program Files\JetBrains\IntelliJ IDEA Community Edition 2019.2.4\jbr\bin\java.exe
0x00007ff9a6390000 - 0x00007ff9a6585000 	C:\windows\SYSTEM32\ntdll.dll
0x00007ff9a45f0000 - 0x00007ff9a46ae000 	C:\windows\System32\KERNEL32.DLL
0x00007ff9a3ed0000 - 0x00007ff9a4199000 	C:\windows\System32\KERNELBASE.dll
0x00007ff9a4870000 - 0x00007ff9a4a11000 	C:\windows\System32\USER32.dll
0x00007ff9a4290000 - 0x00007ff9a42b2000 	C:\windows\System32\win32u.dll
0x00007ff9a4bd0000 - 0x00007ff9a4bfb000 	C:\windows\System32\GDI32.dll
0x00007ff9a3dc0000 - 0x00007ff9a3ecb000 	C:\windows\System32\gdi32full.dll
0x00007ff9a41f0000 - 0x00007ff9a428d000 	C:\windows\System32\msvcp_win.dll
0x00007ff9a3ab0000 - 0x00007ff9a3bb0000 	C:\windows\System32\ucrtbase.dll
0x00007ff98a4b0000 - 0x00007ff98a74a000 	C:\windows\WinSxS\amd64_microsoft.windows.common-controls_6595b64144ccf1df_6.0.19041.1110_none_60b5254171f9507e\COMCTL32.dll
0x00007ff9a5d80000 - 0x00007ff9a5e1e000 	C:\windows\System32\msvcrt.dll
0x00007ff9a43e0000 - 0x00007ff9a4410000 	C:\windows\System32\IMM32.DLL
0x0000027e692c0000 - 0x0000027e692d3000 	C:\windows\System32\umppc14304.dll
0x00007ff96ae00000 - 0x00007ff96aea4000 	C:\Program Files\McAfee\Endpoint Security\Threat Prevention\Ips\EpMPApi.dll
0x00007ff9a4cd0000 - 0x00007ff9a4dfa000 	C:\windows\System32\RPCRT4.dll
0x00007ff9a5cd0000 - 0x00007ff9a5d7c000 	C:\windows\System32\ADVAPI32.dll
0x00007ff9a4710000 - 0x00007ff9a47ab000 	C:\windows\System32\sechost.dll
0x00007ff9a4380000 - 0x00007ff9a43e0000 	C:\windows\System32\WINTRUST.dll
0x00007ff9a3bb0000 - 0x00007ff9a3d06000 	C:\windows\System32\CRYPT32.dll
0x00007ff9a3690000 - 0x00007ff9a36a2000 	C:\windows\SYSTEM32\MSASN1.dll
0x000000006b600000 - 0x000000006b60c000 	C:\Program Files\McAfee\Endpoint Security\Threat Prevention\Ips\EpMPThe.dll
0x00007ff96a960000 - 0x00007ff96a9b9000 	C:\Program Files\McAfee\Endpoint Security\Threat Prevention\Ips\HIPHandlers64.dll
0x00007ff9a5c70000 - 0x00007ff9a5cc5000 	C:\windows\System32\SHLWAPI.dll
0x00007ff9a0e60000 - 0x00007ff9a1044000 	C:\windows\SYSTEM32\dbghelp.dll
0x00007ff980180000 - 0x00007ff980197000 	C:\Program Files\JetBrains\IntelliJ IDEA Community Edition 2019.2.4\jbr\bin\vcruntime140.dll
0x00007ff90d720000 - 0x00007ff90d7bd000 	C:\Program Files\JetBrains\IntelliJ IDEA Community Edition 2019.2.4\jbr\bin\msvcp140.dll
0x00007ff8eb060000 - 0x00007ff8ebb18000 	C:\Program Files\JetBrains\IntelliJ IDEA Community Edition 2019.2.4\jbr\bin\server\jvm.dll
0x00007ff9a4860000 - 0x00007ff9a4868000 	C:\windows\System32\PSAPI.DLL
0x00007ff97c9d0000 - 0x00007ff97c9d9000 	C:\windows\SYSTEM32\WSOCK32.dll
0x00007ff9a4f00000 - 0x00007ff9a4f6b000 	C:\windows\System32\WS2_32.dll
0x00007ff985650000 - 0x00007ff985677000 	C:\windows\SYSTEM32\WINMM.dll
0x00007ff99ca90000 - 0x00007ff99ca9a000 	C:\windows\SYSTEM32\VERSION.dll
0x00007ff9a1820000 - 0x00007ff9a1832000 	C:\windows\SYSTEM32\kernel.appcore.dll
0x00007ff972050000 - 0x00007ff972061000 	C:\Program Files\JetBrains\IntelliJ IDEA Community Edition 2019.2.4\jbr\bin\verify.dll
0x00007ff987060000 - 0x00007ff98708c000 	C:\windows\SYSTEM32\dbgcore.DLL
0x00007ff9a42f0000 - 0x00007ff9a4373000 	C:\windows\System32\bcryptPrimitives.dll
0x00007ff971a50000 - 0x00007ff971a79000 	C:\Program Files\JetBrains\IntelliJ IDEA Community Edition 2019.2.4\jbr\bin\java.dll
0x00007ff950600000 - 0x00007ff950634000 	C:\Program Files\JetBrains\IntelliJ IDEA Community Edition 2019.2.4\jbr\bin\instrument.dll
0x00007ff971850000 - 0x00007ff971867000 	C:\Program Files\JetBrains\IntelliJ IDEA Community Edition 2019.2.4\jbr\bin\zip.dll
0x00007ff9807c0000 - 0x00007ff9807cb000 	C:\Program Files\JetBrains\IntelliJ IDEA Community Edition 2019.2.4\jbr\bin\jimage.dll
0x00007ff9a4f70000 - 0x00007ff9a56af000 	C:\windows\System32\SHELL32.dll
0x00007ff9a1a20000 - 0x00007ff9a21b0000 	C:\windows\SYSTEM32\windows.storage.dll
0x00007ff9a56b0000 - 0x00007ff9a5a05000 	C:\windows\System32\combase.dll
0x00007ff9a3420000 - 0x00007ff9a344c000 	C:\windows\SYSTEM32\Wldp.dll
0x00007ff9a62a0000 - 0x00007ff9a634d000 	C:\windows\System32\SHCORE.dll
0x00007ff9a39f0000 - 0x00007ff9a3a0f000 	C:\windows\SYSTEM32\profapi.dll
0x00007ff95d5a0000 - 0x00007ff95d5ba000 	C:\Program Files\JetBrains\IntelliJ IDEA Community Edition 2019.2.4\jbr\bin\net.dll
0x00007ff9a2ab0000 - 0x00007ff9a2bb8000 	C:\windows\SYSTEM32\WINHTTP.dll
0x00007ff98ccd0000 - 0x00007ff98cebb000 	C:\windows\SYSTEM32\urlmon.dll
0x00007ff98d280000 - 0x00007ff98d530000 	C:\windows\SYSTEM32\iertutil.dll
0x00007ff98cf70000 - 0x00007ff98cf98000 	C:\windows\SYSTEM32\srvcli.dll
0x00007ff9a2fd0000 - 0x00007ff9a2fdc000 	C:\windows\SYSTEM32\netutils.dll
0x00007ff9a3200000 - 0x00007ff9a326a000 	C:\windows\system32\mswsock.dll
0x00007ff95d560000 - 0x00007ff95d574000 	C:\Program Files\JetBrains\IntelliJ IDEA Community Edition 2019.2.4\jbr\bin\nio.dll
0x00007ff988300000 - 0x00007ff98831a000 	C:\Program Files\JetBrains\IntelliJ IDEA Community Edition 2019.2.4\bin\breakgen64.dll
0x00007ff9a2ec0000 - 0x00007ff9a2efb000 	C:\windows\SYSTEM32\IPHLPAPI.DLL
0x00007ff9a5bd0000 - 0x00007ff9a5bd8000 	C:\windows\System32\NSI.dll
0x00007ff99dd90000 - 0x00007ff99dda7000 	C:\windows\SYSTEM32\dhcpcsvc6.DLL
0x00007ff99dd70000 - 0x00007ff99dd8d000 	C:\windows\SYSTEM32\dhcpcsvc.DLL
0x00007ff9a2f00000 - 0x00007ff9a2fcc000 	C:\windows\SYSTEM32\DNSAPI.dll
0x00007ff993d20000 - 0x00007ff993d2a000 	C:\Windows\System32\rasadhlp.dll
0x00007ff99e060000 - 0x00007ff99e0df000 	C:\windows\System32\fwpuclnt.dll
0x00007ff9a42c0000 - 0x00007ff9a42e7000 	C:\windows\System32\bcrypt.dll
0x00007ff9800f0000 - 0x00007ff9800fa000 	C:\Program Files\JetBrains\IntelliJ IDEA Community Edition 2019.2.4\jbr\bin\management.dll
0x00007ff97f390000 - 0x00007ff97f39c000 	C:\Program Files\JetBrains\IntelliJ IDEA Community Edition 2019.2.4\jbr\bin\management_ext.dll
0x00007ff97af00000 - 0x00007ff97af17000 	C:\windows\system32\napinsp.dll
0x00007ff97aee0000 - 0x00007ff97aefb000 	C:\windows\system32\pnrpnsp.dll
0x00007ff99e180000 - 0x00007ff99e195000 	C:\windows\system32\wshbth.dll
0x00007ff9a09c0000 - 0x00007ff9a09dd000 	C:\windows\system32\NLAapi.dll
0x00007ff97aec0000 - 0x00007ff97aed2000 	C:\windows\System32\winrnr.dll
0x00007ff9a3460000 - 0x00007ff9a3478000 	C:\windows\SYSTEM32\CRYPTSP.dll
0x00007ff9a2a20000 - 0x00007ff9a2a54000 	C:\windows\system32\rsaenh.dll
0x00007ff9a39b0000 - 0x00007ff9a39de000 	C:\windows\SYSTEM32\USERENV.dll
0x00007ff9a3390000 - 0x00007ff9a339c000 	C:\windows\SYSTEM32\CRYPTBASE.dll

dbghelp: loaded successfully - version: 4.0.5 - missing functions: none
symbol engine: initialized successfully - sym options: 0x614 - pdb path: .;C:\Program Files\JetBrains\IntelliJ IDEA Community Edition 2019.2.4\jbr\bin;C:\windows\SYSTEM32;C:\windows\WinSxS\amd64_microsoft.windows.common-controls_6595b64144ccf1df_6.0.19041.1110_none_60b5254171f9507e;C:\Program Files\McAfee\Endpoint Security\Threat Prevention\Ips;C:\Program Files\JetBrains\IntelliJ IDEA Community Edition 2019.2.4\jbr\bin\server;C:\Program Files\JetBrains\IntelliJ IDEA Community Edition 2019.2.4\bin

VM Arguments:
jvm_args: -javaagent:C:\Program Files\JetBrains\IntelliJ IDEA Community Edition 2019.2.4\lib\idea_rt.jar=63296:C:\Program Files\JetBrains\IntelliJ IDEA Community Edition 2019.2.4\bin -Dfile.encoding=UTF-8 
java_command: com.ford.department.departmentservice.DepartmentServiceApplication
java_class_path (initial): C:\workspace\department-service\target\classes;C:\Users\su244358\.m2\repository\org\springframework\boot\spring-boot-starter-data-jpa\2.3.4.RELEASE\spring-boot-starter-data-jpa-2.3.4.RELEASE.jar;C:\Users\su244358\.m2\repository\org\springframework\boot\spring-boot-starter-aop\2.3.4.RELEASE\spring-boot-starter-aop-2.3.4.RELEASE.jar;C:\Users\su244358\.m2\repository\org\springframework\spring-aop\5.2.9.RELEASE\spring-aop-5.2.9.RELEASE.jar;C:\Users\su244358\.m2\repository\org\aspectj\aspectjweaver\1.9.6\aspectjweaver-1.9.6.jar;C:\Users\su244358\.m2\repository\org\springframework\boot\spring-boot-starter-jdbc\2.3.4.RELEASE\spring-boot-starter-jdbc-2.3.4.RELEASE.jar;C:\Users\su244358\.m2\repository\com\zaxxer\HikariCP\3.4.5\HikariCP-3.4.5.jar;C:\Users\su244358\.m2\repository\org\springframework\spring-jdbc\5.2.9.RELEASE\spring-jdbc-5.2.9.RELEASE.jar;C:\Users\su244358\.m2\repository\jakarta\transaction\jakarta.transaction-api\1.3.3\jakarta.transaction-api-1.3.3.jar;C:\Users\su244358\.m2\repository\jakarta\persistence\jakarta.persistence-api\2.2.3\jakarta.persistence-api-2.2.3.jar;C:\Users\su244358\.m2\repository\org\hibernate\hibernate-core\5.4.21.Final\hibernate-core-5.4.21.Final.jar;C:\Users\su244358\.m2\repository\org\jboss\logging\jboss-logging\3.4.1.Final\jboss-logging-3.4.1.Final.jar;C:\Users\su244358\.m2\repository\org\javassist\javassist\3.24.0-GA\javassist-3.24.0-GA.jar;C:\Users\su244358\.m2\repository\net\bytebuddy\byte-buddy\1.10.14\byte-buddy-1.10.14.jar;C:\Users\su244358\.m2\repository\antlr\antlr\2.7.7\antlr-2.7.7.jar;C:\Users\su244358\.m2\repository\org\jboss\jandex\2.1.3.Final\jandex-2.1.3.Final.jar;C:\Users\su244358\.m2\repository\com\fasterxml\classmate\1.5.1\classmate-1.5.1.jar;C:\Users\su244358\.m2\repository\org\dom4j\dom4j\2.1.3\dom4j-2.1.3.jar;C:\Users\su244358\.m2\repository\org\hibernate\common\hibernate-commons-annotations\5.1.0.Final\hibernate-commons-annotations-5.1.0.Final.jar;C:\Users\su244358\.m2\repository\org\gl
Launcher Type: SUN_STANDARD

[Global flags]
     intx CICompilerCount                          = 4                                         {product} {ergonomic}
     uint ConcGCThreads                            = 2                                         {product} {ergonomic}
     uint G1ConcRefinementThreads                  = 8                                         {product} {ergonomic}
   size_t G1HeapRegionSize                         = 1048576                                   {product} {ergonomic}
    uintx GCDrainStackTargetSize                   = 64                                        {product} {ergonomic}
   size_t InitialHeapSize                          = 266338304                                 {product} {ergonomic}
   size_t MarkStackSize                            = 4194304                                   {product} {ergonomic}
   size_t MaxHeapSize                              = 4253024256                                {product} {ergonomic}
   size_t MaxNewSize                               = 2551185408                                {product} {ergonomic}
   size_t MinHeapDeltaBytes                        = 1048576                                   {product} {ergonomic}
    uintx NonNMethodCodeHeapSize                   = 5835340                                {pd product} {ergonomic}
    uintx NonProfiledCodeHeapSize                  = 122911450                              {pd product} {ergonomic}
    uintx ProfiledCodeHeapSize                     = 122911450                              {pd product} {ergonomic}
    uintx ReservedCodeCacheSize                    = 251658240                              {pd product} {ergonomic}
     bool SegmentedCodeCache                       = true                                      {product} {ergonomic}
     bool UseCompressedClassPointers               = true                                 {lp64_product} {ergonomic}
     bool UseCompressedOops                        = true                                 {lp64_product} {ergonomic}
     bool UseG1GC                                  = true                                      {product} {ergonomic}
     bool UseLargePagesIndividualAllocation        = false                                  {pd product} {ergonomic}

Logging:
Log output configuration:
 #0: stdout all=warning uptime,level,tags
 #1: stderr all=off uptime,level,tags

Environment Variables:
PATH=C:\windows\system32;C:\windows;C:\windows\System32\Wbem;C:\windows\System32\WindowsPowerShell\v1.0\;C:\windows\System32\OpenSSH\;C:\Program Files (x86)\Pulse Secure\VC142.CRT\X64\;C:\Program Files (x86)\Pulse Secure\VC142.CRT\X86\;C:\Program Files\Oracle\OpenJDK 11.0.1\bin;C:\Program Files\nodejs\;C:\Program Files\Docker\Docker\resources\bin;C:\ProgramData\DockerDesktop\version-bin;C:\Users\su244358\AppData\Local\Microsoft\WindowsApps;C:\Users\su244358\AppData\Roaming\npm;C:\Program Files\JetBrains\IntelliJ IDEA Community Edition 2019.2.4\bin;C:\Users\su244358\AppData\Local\Programs\Git\cmd
USERNAME=SU244358
OS=Windows_NT
PROCESSOR_IDENTIFIER=Intel64 Family 6 Model 142 Stepping 12, GenuineIntel



---------------  S Y S T E M  ---------------

OS: Windows 10 , 64 bit Build 19041 (10.0.19041.1202)

CPU:total 8 (initial active 8) (4 cores per cpu, 2 threads per core) family 6 model 142 stepping 12, cmov, cx8, fxsr, mmx, sse, sse2, sse3, ssse3, sse4.1, sse4.2, popcnt, avx, avx2, aes, clmul, erms, 3dnowpref, lzcnt, ht, tsc, tscinvbit, bmi1, bmi2, adx, fma

Memory: 4k page, system-wide physical 16221M (805M free)
TotalPageFile size 36221M (AvailPageFile size 14M)
current process WorkingSet (physical memory assigned to process): 394M, peak: 405M
current process commit charge ("private bytes"): 507M, peak: 520M

vm_info: OpenJDK 64-Bit Server VM (11.0.4+10-b304.77) for windows-amd64 JRE (11.0.4+10-b304.77), built on Oct 10 2019 15:02:36 by "" with MS VC++ 14.0 (VS2015)

END.
